MATLAB is selecting SOFTWARE OPENGL rendering.

                            < M A T L A B (R) >
                  Copyright 1984-2015 The MathWorks, Inc.
                   R2015b (8.6.0.267246) 64-bit (glnxa64)
                              August 20, 2015

 
To get started, type one of these: helpwin, helpdesk, or demo.
For product information, visit www.mathworks.com.
 

	Academic License

>> >> >> >> >> >> >> >> >> >> >> >> >> >> >> >> >> ... loading pairwise distance matrix ...
>> >> >> >> >> ... run dips for cv folds ...
>> >> >> >> >> >> >> >> >> >> >> >> >> >> >> >> >> >> [Warning: MATLAB has disabled some advanced graphics rendering features by
switching to software OpenGL. For more information, click <a
href="matlab:opengl('problems')">here</a>.] 
Idx  lmbd1  lmbd2      cntFea avgAC stdAC elpTime 
...dipsCoordAscent...
      iter        sum(|u|) sum(|u_{k} - u_{k-1}|)
         1      4.3711e+00      1.5399e+00
         2      3.9566e+00      1.1076e+00
         3      3.6666e+00      8.6100e-01
         4      3.4646e+00      6.5403e-01
         5      3.3191e+00      5.1409e-01
         6      3.2125e+00      4.1624e-01
         7      3.1349e+00      3.4867e-01
         8      3.0655e+00      3.1061e-01
         9      3.0102e+00      2.7589e-01
        10      2.9660e+00      2.3564e-01
        11      2.9258e+00      2.0880e-01
        12      2.8921e+00      1.9436e-01
        13      2.8627e+00      1.7812e-01
        14      2.8337e+00      1.6877e-01
        15      2.8101e+00      1.4491e-01
        16      2.7888e+00      1.4450e-01
        17      2.7698e+00      1.2815e-01
        18      2.7508e+00      1.2137e-01
        19      2.7340e+00      1.1415e-01
        20      2.7203e+00      1.0842e-01
        21      2.7085e+00      9.6500e-02
        22      2.6959e+00      9.4772e-02
        23      2.6838e+00      8.5414e-02
        24      2.6726e+00      8.8426e-02
        25      2.6635e+00      8.2627e-02
        26      2.6504e+00      8.1132e-02
        27      2.6428e+00      7.6339e-02
        28      2.6344e+00      6.8676e-02
        29      2.6260e+00      6.9147e-02
        30      2.6196e+00      6.6117e-02
        31      2.6108e+00      6.4698e-02
        32      2.6035e+00      6.2119e-02
        33      2.5983e+00      5.8721e-02
        34      2.5925e+00      5.7436e-02
        35      2.5853e+00      5.5090e-02
        36      2.5790e+00      5.6769e-02
        37      2.5737e+00      5.3365e-02
        38      2.5673e+00      5.2285e-02
        39      2.5629e+00      4.8758e-02
        40      2.5571e+00      4.7238e-02
        41      2.5525e+00      5.0875e-02
        42      2.5474e+00      4.5111e-02
        43      2.5424e+00      4.6664e-02
        44      2.5379e+00      4.3975e-02
        45      2.5341e+00      4.2276e-02
        46      2.5317e+00      4.0765e-02
        47      2.5264e+00      3.7601e-02
        48      2.5231e+00      3.8315e-02
        49      2.5192e+00      4.0531e-02
        50      2.5168e+00      3.3753e-02
        51      2.5142e+00      3.3901e-02
        52      2.5099e+00      3.7006e-02
        53      2.5063e+00      3.7952e-02
        54      2.5033e+00      3.5449e-02
        55      2.4990e+00      3.6955e-02
        56      2.4974e+00      3.1020e-02
        57      2.4943e+00      3.2343e-02
        58      2.4907e+00      3.1510e-02
        59      2.4886e+00      3.0869e-02
        60      2.4866e+00      3.0527e-02
        61      2.4835e+00      3.1024e-02
        62      2.4820e+00      2.8083e-02
        63      2.4784e+00      3.2210e-02
        64      2.4771e+00      2.6383e-02
        65      2.4746e+00      2.8473e-02
        66      2.4720e+00      2.8072e-02
        67      2.4695e+00      2.6712e-02
        68      2.4666e+00      2.9083e-02
        69      2.4649e+00      2.6487e-02
        70      2.4624e+00      2.6695e-02
        71      2.4613e+00      2.4837e-02
        72      2.4586e+00      2.7181e-02
        73      2.4563e+00      2.4640e-02
        74      2.4546e+00      2.3767e-02
        75      2.4523e+00      2.4133e-02
        76      2.4512e+00      2.4990e-02
        77      2.4486e+00      2.2138e-02
        78      2.4478e+00      2.2296e-02
        79      2.4456e+00      2.2479e-02
        80      2.4443e+00      2.1461e-02
        81      2.4433e+00      2.0072e-02
        82      2.4413e+00      2.3786e-02
        83      2.4399e+00      2.1519e-02
        84      2.4379e+00      2.2023e-02
        85      2.4361e+00      2.0821e-02
        86      2.4350e+00      2.2362e-02
        87      2.4328e+00      2.1009e-02
        88      2.4320e+00      1.9888e-02
        89      2.4304e+00      1.8560e-02
        90      2.4287e+00      2.0144e-02
        91      2.4280e+00      2.0220e-02
        92      2.4265e+00      1.8413e-02
        93      2.4259e+00      1.9288e-02
        94      2.4234e+00      2.1108e-02
        95      2.4222e+00      1.8981e-02
        96      2.4211e+00      1.7762e-02
        97      2.4200e+00      1.8894e-02
        98      2.4187e+00      1.7484e-02
        99      2.4180e+00      1.7023e-02
       100      2.4166e+00      1.6568e-02
       101      2.4153e+00      1.7804e-02
       102      2.4145e+00      1.7802e-02
       103      2.4122e+00      1.8009e-02
       104      2.4118e+00      1.6619e-02
       105      2.4099e+00      1.5600e-02
       106      2.4095e+00      1.7604e-02
       107      2.4086e+00      1.7441e-02
       108      2.4077e+00      1.5323e-02
       109      2.4069e+00      1.5966e-02
       110      2.4049e+00      1.7648e-02
       111      2.4042e+00      1.5925e-02
       112      2.4036e+00      1.4695e-02
       113      2.4021e+00      1.7574e-02
       114      2.4019e+00      1.5867e-02
       115      2.4004e+00      1.5265e-02
       116      2.3998e+00      1.5247e-02
       117      2.3990e+00      1.4975e-02
       118      2.3979e+00      1.5872e-02
       119      2.3968e+00      1.4749e-02
       120      2.3955e+00      1.5201e-02
       121      2.3948e+00      1.3949e-02
       122      2.3946e+00      1.4066e-02
       123      2.3938e+00      1.3532e-02
       124      2.3925e+00      1.5119e-02
       125      2.3917e+00      1.4681e-02
       126      2.3910e+00      1.3270e-02
       127      2.3903e+00      1.2456e-02
       128      2.3894e+00      1.3199e-02
       129      2.3892e+00      1.3616e-02
       130      2.3881e+00      1.4218e-02
       131      2.3872e+00      1.3095e-02
       132      2.3865e+00      1.2202e-02
       133      2.3857e+00      1.2299e-02
       134      2.3849e+00      1.2615e-02
       135      2.3836e+00      1.4293e-02
       136      2.3833e+00      1.2429e-02
       137      2.3827e+00      1.1915e-02
       138      2.3824e+00      1.3143e-02
       139      2.3808e+00      1.3273e-02
       140      2.3804e+00      1.2478e-02
       141      2.3792e+00      1.2536e-02
       142      2.3792e+00      1.2356e-02
       143      2.3784e+00      1.1789e-02
       144      2.3775e+00      1.1537e-02
       145      2.3772e+00      1.0970e-02
       146      2.3770e+00      1.0629e-02
       147      2.3760e+00      1.1868e-02
       148      2.3751e+00      1.0810e-02
       149      2.3745e+00      1.1466e-02
       150      2.3742e+00      1.0938e-02
       151      2.3741e+00      1.0422e-02
       152      2.3738e+00      1.0225e-02
       153      2.3727e+00      9.9463e-03
       154      2.3722e+00      1.0237e-02
       155      2.3718e+00      1.0355e-02
       156      2.3708e+00      1.1936e-02
       157      2.3708e+00      1.0533e-02
       158      2.3701e+00      1.0810e-02
       159      2.3700e+00      1.0781e-02
       160      2.3690e+00      1.0554e-02
       161      2.3687e+00      1.0668e-02
       162      2.3683e+00      1.0061e-02
       163      2.3675e+00      9.4971e-03
       164      2.3669e+00      1.0034e-02
       165      2.3668e+00      8.9543e-03
       166      2.3664e+00      1.0487e-02
       167      2.3656e+00      1.0198e-02
       168      2.3649e+00      9.1938e-03
       169      2.3647e+00      1.0053e-02
       170      2.3640e+00      8.5857e-03
       171      2.3632e+00      9.4182e-03
       172      2.3633e+00      9.1211e-03
       173      2.3629e+00      8.5698e-03
       174      2.3623e+00      9.2365e-03
       175      2.3623e+00      9.1738e-03
       176      2.3615e+00      8.4181e-03
       177      2.3609e+00      8.5581e-03
       178      2.3611e+00      7.6692e-03
       179      2.3605e+00      9.4035e-03
       180      2.3603e+00      7.9787e-03
       181      2.3596e+00      8.9106e-03
       182      2.3592e+00      8.5963e-03
       183      2.3591e+00      8.1702e-03
       184      2.3587e+00      8.6285e-03
       185      2.3577e+00      9.2891e-03
       186      2.3577e+00      8.4936e-03
       187      2.3574e+00      8.3512e-03
       188      2.3569e+00      6.4789e-03
       189      2.3566e+00      9.5019e-03
       190      2.3563e+00      7.9848e-03
       191      2.3561e+00      7.7228e-03
       192      2.3555e+00      8.8041e-03
       193      2.3554e+00      8.0578e-03
       194      2.3547e+00      8.8410e-03
       195      2.3547e+00      8.1798e-03
       196      2.3543e+00      7.5454e-03
       197      2.3537e+00      8.5935e-03
       198      2.3533e+00      8.7567e-03
       199      2.3531e+00      7.0416e-03
       200      2.3526e+00      7.4860e-03
       201      2.3525e+00      7.1079e-03
       202      2.3522e+00      7.6111e-03
       203      2.3523e+00      7.6069e-03
       204      2.3515e+00      7.7851e-03
       205      2.3514e+00      7.6139e-03
       206      2.3509e+00      8.6071e-03
       207      2.3504e+00      6.9023e-03
       208      2.3505e+00      7.5710e-03
       209      2.3501e+00      7.5451e-03
       210      2.3497e+00      7.1904e-03
       211      2.3493e+00      6.3332e-03
       212      2.3492e+00      7.2666e-03
       213      2.3488e+00      7.4190e-03
       214      2.3486e+00      7.6624e-03
       215      2.3484e+00      6.0309e-03
       216      2.3482e+00      6.5710e-03
       217      2.3480e+00      6.7442e-03
       218      2.3477e+00      6.5510e-03
       219      2.3473e+00      6.6483e-03
       220      2.3472e+00      6.9818e-03
       221      2.3465e+00      6.6523e-03
       222      2.3467e+00      7.5458e-03
       223      2.3460e+00      7.5214e-03
       224      2.3458e+00      6.4261e-03
       225      2.3453e+00      6.7378e-03
       226      2.3455e+00      6.3584e-03
       227      2.3450e+00      6.5108e-03
       228      2.3448e+00      6.9791e-03
       229      2.3446e+00      6.1442e-03
       230      2.3441e+00      6.1239e-03
       231      2.3442e+00      6.4579e-03
       232      2.3440e+00      6.3974e-03
       233      2.3438e+00      6.4259e-03
       234      2.3436e+00      5.8061e-03
       235      2.3433e+00      5.0456e-03
       236      2.3434e+00      5.9500e-03
       237      2.3430e+00      5.4181e-03
       238      2.3429e+00      5.3751e-03
       239      2.3427e+00      5.8151e-03
       240      2.3425e+00      6.2218e-03
       241      2.3426e+00      5.9761e-03
       242      2.3419e+00      6.5255e-03
       243      2.3418e+00      5.5259e-03
       244      2.3415e+00      6.4547e-03
       245      2.3414e+00      5.6217e-03
       246      2.3411e+00      5.9856e-03
       247      2.3411e+00      5.6715e-03
       248      2.3406e+00      5.4019e-03
       249      2.3407e+00      5.2763e-03
       250      2.3407e+00      6.0716e-03
       251      2.3404e+00      6.2904e-03
       252      2.3398e+00      6.8785e-03
       253      2.3396e+00      5.1017e-03
       254      2.3396e+00      5.3408e-03
       255      2.3397e+00      5.1943e-03
       256      2.3395e+00      4.7792e-03
       257      2.3389e+00      5.4180e-03
       258      2.3389e+00      5.1884e-03
       259      2.3388e+00      4.9937e-03
       260      2.3386e+00      5.0148e-03
       261      2.3383e+00      5.4495e-03
       262      2.3380e+00      5.5479e-03
       263      2.3378e+00      5.9935e-03
       264      2.3380e+00      6.0502e-03
       265      2.3375e+00      5.0948e-03
       266      2.3376e+00      6.4074e-03
       267      2.3368e+00      5.4484e-03
       268      2.3366e+00      6.1904e-03
       269      2.3365e+00      5.6365e-03
       270      2.3364e+00      5.7367e-03
       271      2.3363e+00      5.5709e-03
       272      2.3360e+00      4.8646e-03
       273      2.3357e+00      5.5149e-03
       274      2.3357e+00      5.4807e-03
       275      2.3356e+00      4.9099e-03
       276      2.3350e+00      5.4638e-03
       277      2.3353e+00      5.8835e-03
       278      2.3348e+00      5.6344e-03
       279      2.3349e+00      4.8013e-03
       280      2.3347e+00      4.8111e-03
       281      2.3346e+00      5.2011e-03
       282      2.3343e+00      4.7348e-03
       283      2.3343e+00      4.9103e-03
       284      2.3339e+00      5.0638e-03
       285      2.3338e+00      4.9979e-03
       286      2.3338e+00      5.7133e-03
       287      2.3335e+00      5.4263e-03
       288      2.3333e+00      4.2653e-03
       289      2.3333e+00      5.2983e-03
       290      2.3332e+00      5.0827e-03
       291      2.3329e+00      4.7795e-03
       292      2.3329e+00      5.1183e-03
       293      2.3329e+00      4.9240e-03
       294      2.3326e+00      4.7940e-03
       295      2.3325e+00      4.5975e-03
       296      2.3321e+00      4.9519e-03
       297      2.3322e+00      4.2106e-03
       298      2.3320e+00      4.4308e-03
       299      2.3318e+00      5.1455e-03
       300      2.3315e+00      4.7243e-03
       301      2.3313e+00      4.7503e-03
       302      2.3312e+00      4.3858e-03
       303      2.3312e+00      5.1234e-03
       304      2.3310e+00      4.6730e-03
       305      2.3309e+00      4.5444e-03
       306      2.3308e+00      3.9991e-03
       307      2.3308e+00      4.9755e-03
       308      2.3303e+00      4.8537e-03
       309      2.3303e+00      4.8799e-03
       310      2.3303e+00      4.8564e-03
       311      2.3302e+00      4.5089e-03
       312      2.3300e+00      4.9963e-03
       313      2.3300e+00      4.3656e-03
       314      2.3294e+00      4.5169e-03
       315      2.3295e+00      5.4348e-03
       316      2.3296e+00      4.4965e-03
       317      2.3293e+00      4.3895e-03
       318      2.3290e+00      5.4535e-03
       319      2.3289e+00      4.9545e-03
       320      2.3286e+00      4.2702e-03
       321      2.3286e+00      4.6490e-03
       322      2.3283e+00      4.9467e-03
       323      2.3285e+00      4.8976e-03
       324      2.3277e+00      4.8829e-03
       325      2.3279e+00      5.3516e-03
       326      2.3276e+00      4.6539e-03
       327      2.3274e+00      4.4469e-03
       328      2.3275e+00      4.1989e-03
       329      2.3276e+00      4.4389e-03
       330      2.3271e+00      4.1318e-03
       331      2.3269e+00      4.6161e-03
       332      2.3270e+00      4.9520e-03
       333      2.3269e+00      4.0056e-03
       334      2.3266e+00      4.2495e-03
       335      2.3268e+00      4.5591e-03
       336      2.3264e+00      4.8544e-03
       337      2.3263e+00      3.9633e-03
       338      2.3263e+00      3.8784e-03
       339      2.3260e+00      4.3358e-03
       340      2.3259e+00      4.1733e-03
       341      2.3259e+00      4.4966e-03
       342      2.3256e+00      4.3714e-03
       343      2.3255e+00      3.5625e-03
       344      2.3255e+00      3.8114e-03
       345      2.3256e+00      3.9638e-03
       346      2.3252e+00      4.1858e-03
       347      2.3252e+00      3.9217e-03
       348      2.3251e+00      4.3052e-03
       349      2.3250e+00      3.8737e-03
       350      2.3247e+00      4.1169e-03
       351      2.3247e+00      4.3125e-03
       352      2.3245e+00      4.2074e-03
       353      2.3244e+00      3.5621e-03
       354      2.3241e+00      3.6994e-03
       355      2.3242e+00      3.4150e-03
       356      2.3244e+00      3.7693e-03
       357      2.3238e+00      4.6595e-03
       358      2.3239e+00      4.0526e-03
       359      2.3239e+00      4.0235e-03
       360      2.3236e+00      3.7476e-03
       361      2.3236e+00      3.8741e-03
       362      2.3235e+00      4.0744e-03
       363      2.3233e+00      3.8196e-03
       364      2.3231e+00      3.7953e-03
       365      2.3229e+00      4.2816e-03
       366      2.3228e+00      4.5424e-03
       367      2.3231e+00      3.6904e-03
       368      2.3228e+00      4.0178e-03
       369      2.3225e+00      3.2204e-03
       370      2.3230e+00      3.3559e-03
       371      2.3228e+00      3.8777e-03
       372      2.3227e+00      3.7863e-03
       373      2.3220e+00      3.4757e-03
       374      2.3220e+00      3.4760e-03
       375      2.3221e+00      3.4028e-03
       376      2.3218e+00      4.1450e-03
       377      2.3218e+00      3.8853e-03
       378      2.3218e+00      3.8910e-03
       379      2.3218e+00      3.5983e-03
       380      2.3217e+00      3.5419e-03
       381      2.3216e+00      4.1766e-03
       382      2.3214e+00      3.7565e-03
       383      2.3213e+00      3.8739e-03
       384      2.3211e+00      3.9515e-03
       385      2.3210e+00      3.6333e-03
       386      2.3209e+00      3.5861e-03
       387      2.3210e+00      3.3408e-03
       388      2.3207e+00      3.2800e-03
       389      2.3207e+00      3.3737e-03
       390      2.3206e+00      3.7647e-03
       391      2.3206e+00      3.5095e-03
       392      2.3206e+00      3.0338e-03
       393      2.3205e+00      3.4855e-03
       394      2.3204e+00      2.9570e-03
       395      2.3202e+00      3.7977e-03
       396      2.3202e+00      3.6552e-03
       397      2.3201e+00      3.3119e-03
       398      2.3202e+00      3.8150e-03
       399      2.3199e+00      3.9009e-03
       400      2.3199e+00      3.7590e-03
       401      2.3197e+00      3.6231e-03
       402      2.3196e+00      4.2103e-03
       403      2.3196e+00      3.6110e-03
       404      2.3193e+00      3.6178e-03
       405      2.3192e+00      4.0928e-03
       406      2.3192e+00      3.3564e-03
       407      2.3191e+00      3.3371e-03
       408      2.3191e+00      3.2819e-03
       409      2.3189e+00      3.4654e-03
       410      2.3189e+00      3.3020e-03
       411      2.3188e+00      3.1985e-03
       412      2.3187e+00      3.1211e-03
       413      2.3187e+00      3.0621e-03
       414      2.3187e+00      3.2379e-03
       415      2.3184e+00      3.5783e-03
       416      2.3184e+00      3.0515e-03
       417      2.3185e+00      3.1924e-03
       418      2.3184e+00      3.5611e-03
       419      2.3182e+00      3.3144e-03
       420      2.3180e+00      3.6822e-03
       421      2.3181e+00      2.9554e-03
       422      2.3180e+00      3.5499e-03
       423      2.3178e+00      3.4037e-03
       424      2.3177e+00      3.9039e-03
       425      2.3176e+00      2.8829e-03
       426      2.3177e+00      3.3756e-03
       427      2.3177e+00      3.4818e-03
       428      2.3174e+00      3.5392e-03
       429      2.3174e+00      3.1119e-03
       430      2.3173e+00      3.4212e-03
       431      2.3172e+00      3.2803e-03
       432      2.3171e+00      3.2909e-03
       433      2.3172e+00      3.6584e-03
       434      2.3167e+00      4.1851e-03
       435      2.3171e+00      3.4729e-03
       436      2.3169e+00      3.1304e-03
       437      2.3167e+00      3.4225e-03
       438      2.3166e+00      3.3602e-03
       439      2.3168e+00      3.1625e-03
       440      2.3165e+00      3.6470e-03
       441      2.3164e+00      3.0149e-03
       442      2.3163e+00      3.1567e-03
       443      2.3165e+00      3.4408e-03
       444      2.3162e+00      3.0347e-03
       445      2.3161e+00      2.6858e-03
       446      2.3161e+00      3.5949e-03
       447      2.3158e+00      3.9451e-03
       448      2.3159e+00      2.9276e-03
       449      2.3159e+00      3.1953e-03
       450      2.3158e+00      3.1616e-03
       451      2.3159e+00      2.6676e-03
       452      2.3159e+00      2.5564e-03
       453      2.3159e+00      2.7613e-03
       454      2.3156e+00      3.0865e-03
       455      2.3154e+00      3.0402e-03
       456      2.3154e+00      2.8671e-03
       457      2.3153e+00      3.1465e-03
       458      2.3153e+00      2.8465e-03
       459      2.3153e+00      3.2430e-03
       460      2.3152e+00      3.1534e-03
       461      2.3152e+00      2.6324e-03
       462      2.3150e+00      2.9455e-03
       463      2.3151e+00      2.8368e-03
       464      2.3150e+00      2.6633e-03
       465      2.3149e+00      2.9642e-03
       466      2.3147e+00      3.2664e-03
       467      2.3146e+00      2.5209e-03
       468      2.3147e+00      3.0235e-03
       469      2.3146e+00      3.1917e-03
       470      2.3147e+00      3.0171e-03
       471      2.3145e+00      3.0295e-03
       472      2.3144e+00      2.8904e-03
       473      2.3143e+00      3.1401e-03
       474      2.3142e+00      3.1558e-03
       475      2.3142e+00      2.7274e-03
       476      2.3140e+00      2.9717e-03
       477      2.3141e+00      2.8153e-03
       478      2.3137e+00      2.7550e-03
       479      2.3139e+00      2.7313e-03
       480      2.3137e+00      3.0249e-03
       481      2.3138e+00      2.4284e-03
       482      2.3137e+00      2.4242e-03
       483      2.3139e+00      3.1339e-03
       484      2.3136e+00      3.0583e-03
       485      2.3138e+00      2.8656e-03
       486      2.3135e+00      2.8465e-03
       487      2.3134e+00      2.9955e-03
       488      2.3136e+00      2.9727e-03
       489      2.3132e+00      2.4130e-03
       490      2.3134e+00      3.0729e-03
       491      2.3134e+00      2.7121e-03
       492      2.3134e+00      2.5447e-03
       493      2.3132e+00      2.8269e-03
       494      2.3129e+00      2.5589e-03
       495      2.3130e+00      2.8354e-03
       496      2.3130e+00      2.7160e-03
       497      2.3127e+00      3.0526e-03
       498      2.3128e+00      3.1851e-03
       499      2.3127e+00      2.7742e-03
       500      2.3127e+00      3.0930e-03
...Exist dipsCoordAscnet...
...dipsCoordAscent...
      iter        sum(|u|) sum(|u_{k} - u_{k-1}|)
         1      3.3060e+00      1.3553e+00
         2      2.9725e+00      9.2739e-01
         3      2.7424e+00      6.9516e-01
         4      2.5948e+00      5.2897e-01
         5      2.4864e+00      4.1382e-01
         6      2.4063e+00      3.2993e-01
         7      2.3506e+00      2.7975e-01
         8      2.3038e+00      2.3554e-01
         9      2.2648e+00      2.0929e-01
        10      2.2344e+00      1.7988e-01
        11      2.2104e+00      1.5591e-01
        12      2.1865e+00      1.5091e-01
        13      2.1690e+00      1.3257e-01
        14      2.1508e+00      1.2267e-01
        15      2.1344e+00      1.1417e-01
        16      2.1211e+00      1.0819e-01
        17      2.1078e+00      1.0170e-01
        18      2.0962e+00      9.6396e-02
        19      2.0839e+00      9.1454e-02
        20      2.0728e+00      8.2324e-02
        21      2.0635e+00      7.8869e-02
        22      2.0557e+00      7.5526e-02
        23      2.0474e+00      7.2753e-02
        24      2.0398e+00      6.7151e-02
        25      2.0318e+00      7.0828e-02
        26      2.0256e+00      6.4677e-02
        27      2.0192e+00      5.7335e-02
        28      2.0124e+00      5.5159e-02
        29      2.0066e+00      5.9460e-02
        30      2.0027e+00      5.2328e-02
        31      1.9975e+00      5.0745e-02
        32      1.9925e+00      5.1561e-02
        33      1.9869e+00      5.0280e-02
        34      1.9812e+00      4.7794e-02
        35      1.9773e+00      4.7154e-02
        36      1.9734e+00      4.7110e-02
        37      1.9683e+00      4.2483e-02
        38      1.9659e+00      3.8256e-02
        39      1.9615e+00      4.4104e-02
        40      1.9578e+00      3.6944e-02
        41      1.9548e+00      3.8638e-02
        42      1.9514e+00      3.7109e-02
        43      1.9483e+00      3.4630e-02
        44      1.9457e+00      3.3909e-02
        45      1.9434e+00      3.0911e-02
        46      1.9402e+00      3.1894e-02
        47      1.9374e+00      3.2813e-02
        48      1.9368e+00      2.9440e-02
        49      1.9328e+00      3.1034e-02
        50      1.9308e+00      3.1408e-02
        51      1.9280e+00      2.9668e-02
        52      1.9265e+00      2.7985e-02
        53      1.9232e+00      2.7298e-02
        54      1.9211e+00      3.1190e-02
        55      1.9189e+00      2.8760e-02
        56      1.9165e+00      2.6805e-02
        57      1.9152e+00      2.5654e-02
        58      1.9126e+00      2.5818e-02
        59      1.9117e+00      2.3447e-02
        60      1.9101e+00      2.3738e-02
        61      1.9082e+00      2.2847e-02
        62      1.9065e+00      2.5143e-02
        63      1.9049e+00      2.3348e-02
        64      1.9025e+00      2.4496e-02
        65      1.9014e+00      2.4903e-02
        66      1.8989e+00      1.9900e-02
        67      1.8979e+00      2.2627e-02
        68      1.8963e+00      1.9921e-02
        69      1.8949e+00      1.9381e-02
        70      1.8940e+00      1.9581e-02
        71      1.8933e+00      1.9956e-02
        72      1.8914e+00      2.0889e-02
        73      1.8904e+00      1.8368e-02
        74      1.8894e+00      1.7516e-02
        75      1.8884e+00      1.9004e-02
        76      1.8870e+00      1.8005e-02
        77      1.8856e+00      1.9273e-02
        78      1.8850e+00      2.0212e-02
        79      1.8833e+00      1.7877e-02
        80      1.8816e+00      1.5362e-02
        81      1.8807e+00      1.6069e-02
        82      1.8803e+00      1.5203e-02
        83      1.8789e+00      1.7303e-02
        84      1.8780e+00      1.6093e-02
        85      1.8771e+00      1.6999e-02
        86      1.8757e+00      1.5720e-02
        87      1.8748e+00      1.6771e-02
        88      1.8741e+00      1.6265e-02
        89      1.8732e+00      1.6487e-02
        90      1.8723e+00      1.5058e-02
        91      1.8711e+00      1.5357e-02
        92      1.8702e+00      1.6067e-02
        93      1.8697e+00      1.5694e-02
        94      1.8689e+00      1.4658e-02
        95      1.8678e+00      1.3013e-02
        96      1.8677e+00      1.3546e-02
        97      1.8664e+00      1.3562e-02
        98      1.8650e+00      1.2731e-02
        99      1.8650e+00      1.3419e-02
       100      1.8648e+00      1.2798e-02
       101      1.8635e+00      1.3014e-02
       102      1.8634e+00      1.3145e-02
       103      1.8620e+00      1.3972e-02
       104      1.8621e+00      1.2558e-02
       105      1.8607e+00      1.3055e-02
       106      1.8605e+00      1.2498e-02
       107      1.8597e+00      1.1923e-02
       108      1.8591e+00      1.2147e-02
       109      1.8585e+00      1.3404e-02
       110      1.8585e+00      1.1402e-02
       111      1.8573e+00      1.1531e-02
       112      1.8568e+00      1.0981e-02
       113      1.8564e+00      1.3343e-02
       114      1.8557e+00      1.2129e-02
       115      1.8553e+00      1.0676e-02
       116      1.8548e+00      1.1056e-02
       117      1.8544e+00      1.0410e-02
       118      1.8537e+00      1.1412e-02
       119      1.8529e+00      1.0365e-02
       120      1.8522e+00      1.1115e-02
       121      1.8526e+00      1.1579e-02
       122      1.8512e+00      1.1414e-02
       123      1.8510e+00      1.0428e-02
       124      1.8505e+00      1.0219e-02
       125      1.8497e+00      1.0787e-02
       126      1.8494e+00      1.0576e-02
       127      1.8494e+00      9.8825e-03
       128      1.8484e+00      1.0759e-02
       129      1.8484e+00      9.1546e-03
       130      1.8479e+00      9.0739e-03
       131      1.8475e+00      9.9075e-03
       132      1.8469e+00      8.9738e-03
       133      1.8464e+00      9.0847e-03
       134      1.8461e+00      9.4153e-03
       135      1.8460e+00      9.4097e-03
       136      1.8454e+00      9.4204e-03
       137      1.8449e+00      8.5499e-03
       138      1.8444e+00      9.2585e-03
       139      1.8439e+00      9.4794e-03
       140      1.8435e+00      8.9641e-03
       141      1.8429e+00      8.3634e-03
       142      1.8432e+00      8.3147e-03
       143      1.8428e+00      8.4624e-03
       144      1.8420e+00      8.7523e-03
       145      1.8421e+00      8.2589e-03
       146      1.8419e+00      8.7552e-03
       147      1.8416e+00      9.6898e-03
       148      1.8410e+00      8.4710e-03
       149      1.8410e+00      7.6204e-03
       150      1.8406e+00      8.2733e-03
       151      1.8404e+00      8.9747e-03
       152      1.8398e+00      8.0360e-03
       153      1.8394e+00      7.2454e-03
       154      1.8395e+00      7.3146e-03
       155      1.8392e+00      8.7362e-03
       156      1.8385e+00      7.2573e-03
       157      1.8381e+00      9.1456e-03
       158      1.8378e+00      7.1538e-03
       159      1.8377e+00      7.9343e-03
       160      1.8369e+00      7.9742e-03
       161      1.8373e+00      7.3186e-03
       162      1.8367e+00      7.5716e-03
       163      1.8370e+00      7.3802e-03
       164      1.8362e+00      7.8357e-03
       165      1.8359e+00      7.3790e-03
       166      1.8354e+00      6.8596e-03
       167      1.8355e+00      7.8215e-03
       168      1.8349e+00      8.3302e-03
       169      1.8349e+00      7.4352e-03
       170      1.8345e+00      7.4673e-03
       171      1.8341e+00      7.9440e-03
       172      1.8338e+00      7.0686e-03
       173      1.8339e+00      8.0332e-03
       174      1.8331e+00      7.1737e-03
       175      1.8326e+00      7.0208e-03
       176      1.8327e+00      6.2234e-03
       177      1.8327e+00      6.8061e-03
       178      1.8322e+00      6.7856e-03
       179      1.8321e+00      6.9152e-03
       180      1.8318e+00      7.2961e-03
       181      1.8315e+00      6.6008e-03
       182      1.8315e+00      7.1034e-03
       183      1.8312e+00      7.7645e-03
       184      1.8314e+00      7.0469e-03
       185      1.8306e+00      7.8505e-03
       186      1.8302e+00      6.4018e-03
       187      1.8301e+00      6.7785e-03
       188      1.8298e+00      7.1081e-03
       189      1.8295e+00      6.9754e-03
       190      1.8291e+00      7.3291e-03
       191      1.8295e+00      7.7471e-03
       192      1.8290e+00      6.9647e-03
       193      1.8289e+00      6.8276e-03
       194      1.8281e+00      7.2591e-03
       195      1.8280e+00      5.6834e-03
       196      1.8278e+00      6.5607e-03
       197      1.8278e+00      6.1484e-03
       198      1.8277e+00      6.4244e-03
       199      1.8269e+00      6.5056e-03
       200      1.8273e+00      5.4895e-03
       201      1.8267e+00      6.5645e-03
       202      1.8267e+00      6.3853e-03
       203      1.8267e+00      5.5578e-03
       204      1.8260e+00      6.3251e-03
       205      1.8262e+00      6.1514e-03
       206      1.8258e+00      5.0637e-03
       207      1.8258e+00      6.0420e-03
       208      1.8256e+00      5.7537e-03
       209      1.8255e+00      5.6902e-03
       210      1.8251e+00      5.4565e-03
       211      1.8251e+00      6.0080e-03
       212      1.8246e+00      5.9424e-03
       213      1.8245e+00      5.3643e-03
       214      1.8245e+00      5.3916e-03
       215      1.8244e+00      6.1471e-03
       216      1.8242e+00      6.2314e-03
       217      1.8238e+00      5.7722e-03
       218      1.8239e+00      5.3058e-03
       219      1.8236e+00      5.8186e-03
       220      1.8233e+00      5.7342e-03
       221      1.8237e+00      5.2600e-03
       222      1.8228e+00      4.9554e-03
       223      1.8231e+00      4.7630e-03
       224      1.8226e+00      5.3453e-03
       225      1.8228e+00      5.3215e-03
       226      1.8224e+00      5.6193e-03
       227      1.8222e+00      4.7272e-03
       228      1.8222e+00      5.3519e-03
       229      1.8219e+00      4.6090e-03
       230      1.8221e+00      5.0888e-03
       231      1.8214e+00      4.6516e-03
       232      1.8211e+00      4.3511e-03
       233      1.8214e+00      4.3629e-03
       234      1.8211e+00      5.8001e-03
       235      1.8211e+00      4.5273e-03
       236      1.8210e+00      5.2994e-03
       237      1.8206e+00      5.1107e-03
       238      1.8208e+00      4.7345e-03
       239      1.8205e+00      5.1805e-03
       240      1.8203e+00      5.3210e-03
       241      1.8202e+00      4.4851e-03
       242      1.8200e+00      4.3429e-03
       243      1.8200e+00      4.5950e-03
       244      1.8196e+00      4.8838e-03
       245      1.8198e+00      4.6489e-03
       246      1.8197e+00      5.9986e-03
       247      1.8193e+00      4.7997e-03
       248      1.8193e+00      4.7602e-03
       249      1.8189e+00      4.0651e-03
       250      1.8192e+00      4.8078e-03
       251      1.8189e+00      4.6494e-03
       252      1.8186e+00      5.2119e-03
       253      1.8186e+00      3.9480e-03
       254      1.8183e+00      4.4079e-03
       255      1.8183e+00      4.3585e-03
       256      1.8181e+00      4.6120e-03
       257      1.8182e+00      4.5325e-03
       258      1.8180e+00      4.9959e-03
       259      1.8178e+00      4.8278e-03
       260      1.8178e+00      4.5717e-03
       261      1.8175e+00      4.4644e-03
       262      1.8175e+00      4.3840e-03
       263      1.8171e+00      4.3557e-03
       264      1.8174e+00      3.8471e-03
       265      1.8168e+00      4.5536e-03
       266      1.8173e+00      4.1445e-03
       267      1.8170e+00      4.4500e-03
       268      1.8168e+00      4.3134e-03
       269      1.8165e+00      3.9589e-03
       270      1.8166e+00      3.9297e-03
       271      1.8164e+00      4.6456e-03
       272      1.8163e+00      3.8636e-03
       273      1.8161e+00      4.0666e-03
       274      1.8159e+00      4.4073e-03
       275      1.8163e+00      4.2995e-03
       276      1.8158e+00      3.9618e-03
       277      1.8159e+00      4.0111e-03
       278      1.8154e+00      3.9989e-03
       279      1.8156e+00      3.5344e-03
       280      1.8155e+00      4.1891e-03
       281      1.8152e+00      3.9752e-03
       282      1.8153e+00      4.1820e-03
       283      1.8153e+00      3.4844e-03
       284      1.8150e+00      3.5940e-03
       285      1.8151e+00      4.0945e-03
       286      1.8149e+00      3.5903e-03
       287      1.8148e+00      4.1020e-03
       288      1.8144e+00      3.6499e-03
       289      1.8148e+00      3.6113e-03
       290      1.8144e+00      4.0679e-03
       291      1.8143e+00      3.8515e-03
       292      1.8143e+00      3.4151e-03
       293      1.8141e+00      3.9488e-03
       294      1.8141e+00      4.1184e-03
       295      1.8141e+00      3.6810e-03
       296      1.8138e+00      3.8888e-03
       297      1.8139e+00      3.4222e-03
       298      1.8140e+00      4.5536e-03
       299      1.8137e+00      3.6468e-03
       300      1.8136e+00      3.5715e-03
       301      1.8134e+00      3.8763e-03
       302      1.8133e+00      3.3914e-03
       303      1.8133e+00      3.5157e-03
       304      1.8134e+00      3.4096e-03
       305      1.8132e+00      3.9302e-03
       306      1.8128e+00      3.8657e-03
       307      1.8129e+00      3.7153e-03
       308      1.8129e+00      3.5365e-03
       309      1.8127e+00      3.4978e-03
       310      1.8128e+00      3.3297e-03
       311      1.8129e+00      3.0851e-03
       312      1.8124e+00      3.8644e-03
       313      1.8124e+00      3.4497e-03
       314      1.8125e+00      3.0289e-03
       315      1.8124e+00      3.3387e-03
       316      1.8123e+00      3.3073e-03
       317      1.8124e+00      2.7668e-03
       318      1.8121e+00      3.4250e-03
       319      1.8123e+00      2.9099e-03
       320      1.8120e+00      3.3120e-03
       321      1.8118e+00      3.2817e-03
       322      1.8120e+00      2.7628e-03
       323      1.8120e+00      3.5042e-03
       324      1.8115e+00      3.1212e-03
       325      1.8118e+00      3.1367e-03
       326      1.8116e+00      3.4379e-03
       327      1.8116e+00      3.5887e-03
       328      1.8116e+00      3.4016e-03
       329      1.8114e+00      3.2884e-03
       330      1.8113e+00      2.9651e-03
       331      1.8112e+00      2.9864e-03
       332      1.8112e+00      3.1459e-03
       333      1.8110e+00      3.4337e-03
       334      1.8111e+00      3.2696e-03
       335      1.8109e+00      3.5600e-03
       336      1.8110e+00      3.2422e-03
       337      1.8109e+00      2.7840e-03
       338      1.8109e+00      3.1227e-03
       339      1.8108e+00      3.2072e-03
       340      1.8108e+00      3.1552e-03
       341      1.8107e+00      2.6524e-03
       342      1.8105e+00      2.7948e-03
       343      1.8103e+00      3.2059e-03
       344      1.8105e+00      3.0069e-03
       345      1.8101e+00      3.4704e-03
       346      1.8101e+00      2.7903e-03
       347      1.8101e+00      3.1282e-03
       348      1.8100e+00      2.6774e-03
       349      1.8101e+00      3.1932e-03
       350      1.8099e+00      3.2849e-03
       351      1.8097e+00      2.8155e-03
       352      1.8099e+00      2.9860e-03
       353      1.8097e+00      2.8221e-03
       354      1.8096e+00      2.3204e-03
       355      1.8096e+00      2.8668e-03
       356      1.8094e+00      3.0132e-03
       357      1.8098e+00      2.6579e-03
       358      1.8095e+00      3.0447e-03
       359      1.8093e+00      2.5601e-03
       360      1.8094e+00      2.9426e-03
       361      1.8093e+00      2.9693e-03
       362      1.8091e+00      2.8887e-03
       363      1.8091e+00      2.6750e-03
       364      1.8091e+00      2.6062e-03
       365      1.8089e+00      2.8653e-03
       366      1.8089e+00      2.9250e-03
       367      1.8087e+00      2.7484e-03
       368      1.8089e+00      2.5833e-03
       369      1.8089e+00      3.1462e-03
       370      1.8088e+00      2.9088e-03
       371      1.8088e+00      2.8559e-03
       372      1.8086e+00      2.9735e-03
       373      1.8085e+00      2.4474e-03
       374      1.8085e+00      2.8547e-03
       375      1.8084e+00      2.8567e-03
       376      1.8084e+00      2.6898e-03
       377      1.8082e+00      2.5489e-03
       378      1.8084e+00      2.5633e-03
       379      1.8081e+00      2.9099e-03
       380      1.8080e+00      2.8564e-03
       381      1.8081e+00      2.5166e-03
       382      1.8078e+00      2.4488e-03
       383      1.8079e+00      2.4570e-03
       384      1.8080e+00      2.8119e-03
       385      1.8078e+00      2.8001e-03
       386      1.8080e+00      2.7961e-03
       387      1.8079e+00      2.5191e-03
       388      1.8078e+00      2.6606e-03
       389      1.8078e+00      2.6695e-03
       390      1.8076e+00      2.8274e-03
       391      1.8076e+00      2.5754e-03
       392      1.8075e+00      2.5647e-03
       393      1.8074e+00      2.6683e-03
       394      1.8073e+00      2.8162e-03
       395      1.8074e+00      2.3981e-03
       396      1.8073e+00      2.4881e-03
       397      1.8073e+00      2.3941e-03
       398      1.8073e+00      2.7396e-03
       399      1.8074e+00      2.7070e-03
       400      1.8073e+00      2.3891e-03
       401      1.8071e+00      2.5264e-03
       402      1.8071e+00      2.3654e-03
       403      1.8072e+00      2.6548e-03
       404      1.8071e+00      2.7117e-03
       405      1.8071e+00      2.5029e-03
       406      1.8069e+00      2.5836e-03
       407      1.8069e+00      2.7142e-03
       408      1.8068e+00      2.6438e-03
       409      1.8070e+00      2.8785e-03
       410      1.8067e+00      2.1580e-03
       411      1.8066e+00      2.2599e-03
       412      1.8066e+00      2.4027e-03
       413      1.8066e+00      2.3647e-03
       414      1.8067e+00      2.1996e-03
       415      1.8065e+00      2.2299e-03
       416      1.8064e+00      2.0841e-03
       417      1.8064e+00      2.5898e-03
       418      1.8065e+00      2.1485e-03
       419      1.8063e+00      2.2427e-03
       420      1.8064e+00      1.9713e-03
       421      1.8064e+00      2.0804e-03
       422      1.8063e+00      2.3939e-03
       423      1.8062e+00      2.5907e-03
       424      1.8061e+00      2.3415e-03
       425      1.8061e+00      2.1681e-03
       426      1.8060e+00      2.2977e-03
       427      1.8061e+00      2.2326e-03
       428      1.8061e+00      2.2722e-03
       429      1.8060e+00      2.3623e-03
       430      1.8061e+00      2.2572e-03
       431      1.8060e+00      2.2039e-03
       432      1.8059e+00      1.8232e-03
       433      1.8060e+00      2.2014e-03
       434      1.8058e+00      2.5420e-03
       435      1.8059e+00      1.7990e-03
       436      1.8058e+00      2.2935e-03
       437      1.8056e+00      2.2434e-03
       438      1.8058e+00      2.0820e-03
       439      1.8056e+00      2.4622e-03
       440      1.8057e+00      2.2753e-03
       441      1.8055e+00      2.0381e-03
       442      1.8055e+00      2.3231e-03
       443      1.8056e+00      2.2478e-03
       444      1.8055e+00      2.4283e-03
       445      1.8054e+00      2.1411e-03
       446      1.8053e+00      2.3874e-03
       447      1.8054e+00      2.2720e-03
       448      1.8054e+00      2.3731e-03
       449      1.8053e+00      2.1383e-03
       450      1.8054e+00      1.9632e-03
       451      1.8052e+00      2.4478e-03
       452      1.8053e+00      2.2091e-03
       453      1.8051e+00      2.1886e-03
       454      1.8052e+00      2.0076e-03
       455      1.8051e+00      1.9230e-03
       456      1.8050e+00      2.0607e-03
       457      1.8051e+00      2.1530e-03
       458      1.8049e+00      2.0404e-03
       459      1.8050e+00      2.1740e-03
       460      1.8050e+00      2.1361e-03
       461      1.8049e+00      1.9214e-03
       462      1.8048e+00      1.7726e-03
       463      1.8047e+00      1.8213e-03
       464      1.8048e+00      1.8245e-03
       465      1.8047e+00      1.9094e-03
       466      1.8048e+00      1.7632e-03
       467      1.8046e+00      2.1887e-03
       468      1.8047e+00      1.6892e-03
       469      1.8045e+00      1.7519e-03
       470      1.8046e+00      1.9601e-03
       471      1.8045e+00      1.7760e-03
       472      1.8046e+00      2.0761e-03
       473      1.8046e+00      1.9084e-03
       474      1.8044e+00      2.1039e-03
       475      1.8043e+00      2.1006e-03
       476      1.8044e+00      2.1065e-03
       477      1.8043e+00      2.0127e-03
       478      1.8045e+00      1.6086e-03
       479      1.8043e+00      2.0424e-03
       480      1.8044e+00      1.8646e-03
       481      1.8042e+00      2.0050e-03
       482      1.8043e+00      1.7306e-03
       483      1.8042e+00      1.6490e-03
       484      1.8043e+00      1.9901e-03
       485      1.8040e+00      2.0563e-03
       486      1.8042e+00      1.7521e-03
       487      1.8041e+00      1.8309e-03
       488      1.8041e+00      1.9481e-03
       489      1.8039e+00      2.0780e-03
       490      1.8038e+00      1.9871e-03
       491      1.8039e+00      1.9804e-03
       492      1.8039e+00      1.8594e-03
       493      1.8038e+00      1.8249e-03
       494      1.8037e+00      1.8253e-03
       495      1.8038e+00      1.8602e-03
       496      1.8038e+00      1.7562e-03
       497      1.8036e+00      1.8573e-03
       498      1.8038e+00      1.8867e-03
       499      1.8036e+00      1.7515e-03
       500      1.8036e+00      1.8142e-03
...Exist dipsCoordAscnet...
...dipsCoordAscent...
      iter        sum(|u|) sum(|u_{k} - u_{k-1}|)
         1      2.9699e+00      1.2518e+00
         2      2.6558e+00      8.7247e-01
         3      2.4586e+00      6.1927e-01
         4      2.3211e+00      4.9212e-01
         5      2.2262e+00      3.7169e-01
         6      2.1615e+00      3.0315e-01
         7      2.1084e+00      2.5442e-01
         8      2.0706e+00      2.1022e-01
         9      2.0376e+00      1.7960e-01
        10      2.0113e+00      1.6790e-01
        11      1.9882e+00      1.4640e-01
        12      1.9671e+00      1.3040e-01
        13      1.9524e+00      1.1629e-01
        14      1.9404e+00      1.0513e-01
        15      1.9247e+00      1.0662e-01
        16      1.9126e+00      9.0218e-02
        17      1.9046e+00      8.4341e-02
        18      1.8951e+00      8.8054e-02
        19      1.8843e+00      7.8089e-02
        20      1.8766e+00      7.2574e-02
        21      1.8682e+00      7.2791e-02
        22      1.8605e+00      6.8791e-02
        23      1.8533e+00      6.5531e-02
        24      1.8477e+00      6.3058e-02
        25      1.8412e+00      5.8344e-02
        26      1.8335e+00      6.1888e-02
        27      1.8295e+00      5.7691e-02
        28      1.8228e+00      5.5668e-02
        29      1.8157e+00      5.5594e-02
        30      1.8116e+00      4.9142e-02
        31      1.8074e+00      4.8567e-02
        32      1.8024e+00      4.4701e-02
        33      1.8004e+00      4.1256e-02
        34      1.7963e+00      4.1037e-02
        35      1.7916e+00      3.9021e-02
        36      1.7885e+00      3.7264e-02
        37      1.7853e+00      3.6851e-02
        38      1.7828e+00      3.6441e-02
        39      1.7788e+00      3.6617e-02
        40      1.7760e+00      3.6575e-02
        41      1.7736e+00      3.5167e-02
        42      1.7699e+00      3.4038e-02
        43      1.7685e+00      3.0407e-02
        44      1.7659e+00      3.0557e-02
        45      1.7638e+00      2.9307e-02
        46      1.7610e+00      2.9151e-02
        47      1.7595e+00      2.6590e-02
        48      1.7571e+00      2.8309e-02
        49      1.7549e+00      2.7165e-02
        50      1.7534e+00      2.5762e-02
        51      1.7512e+00      2.7367e-02
        52      1.7486e+00      2.4347e-02
        53      1.7474e+00      2.5348e-02
        54      1.7455e+00      2.4088e-02
        55      1.7445e+00      2.5794e-02
        56      1.7420e+00      2.3122e-02
        57      1.7410e+00      2.1602e-02
        58      1.7387e+00      2.3975e-02
        59      1.7371e+00      2.3057e-02
        60      1.7363e+00      1.9045e-02
        61      1.7348e+00      1.9442e-02
        62      1.7337e+00      1.8814e-02
        63      1.7321e+00      2.0229e-02
        64      1.7310e+00      2.0102e-02
        65      1.7290e+00      1.9878e-02
        66      1.7284e+00      1.7997e-02
        67      1.7272e+00      1.7623e-02
        68      1.7261e+00      1.8408e-02
        69      1.7247e+00      1.8380e-02
        70      1.7238e+00      1.8274e-02
        71      1.7228e+00      1.7881e-02
        72      1.7221e+00      1.6491e-02
        73      1.7213e+00      1.8888e-02
        74      1.7191e+00      1.6043e-02
        75      1.7186e+00      1.7043e-02
        76      1.7174e+00      1.6413e-02
        77      1.7163e+00      1.4853e-02
        78      1.7154e+00      1.5603e-02
        79      1.7145e+00      1.6353e-02
        80      1.7137e+00      1.4845e-02
        81      1.7128e+00      1.4299e-02
        82      1.7132e+00      1.3970e-02
        83      1.7116e+00      1.3601e-02
        84      1.7107e+00      1.4889e-02
        85      1.7102e+00      1.4812e-02
        86      1.7096e+00      1.3043e-02
        87      1.7090e+00      1.3836e-02
        88      1.7082e+00      1.4053e-02
        89      1.7078e+00      1.2721e-02
        90      1.7067e+00      1.2320e-02
        91      1.7057e+00      1.3480e-02
        92      1.7053e+00      1.3012e-02
        93      1.7041e+00      1.2873e-02
        94      1.7037e+00      1.1836e-02
        95      1.7031e+00      1.2858e-02
        96      1.7018e+00      1.2729e-02
        97      1.7020e+00      1.1798e-02
        98      1.7015e+00      1.1953e-02
        99      1.7007e+00      1.2020e-02
       100      1.7006e+00      1.2132e-02
       101      1.6998e+00      1.2051e-02
       102      1.6991e+00      1.1559e-02
       103      1.6986e+00      1.2742e-02
       104      1.6979e+00      1.0466e-02
       105      1.6975e+00      1.2099e-02
       106      1.6970e+00      1.0637e-02
       107      1.6962e+00      1.0638e-02
       108      1.6956e+00      1.1238e-02
       109      1.6948e+00      1.0704e-02
       110      1.6948e+00      9.5805e-03
       111      1.6941e+00      1.1469e-02
       112      1.6935e+00      9.8264e-03
       113      1.6933e+00      1.1854e-02
       114      1.6921e+00      1.1933e-02
       115      1.6921e+00      1.0616e-02
       116      1.6912e+00      9.7997e-03
       117      1.6910e+00      9.6584e-03
       118      1.6910e+00      1.0314e-02
       119      1.6898e+00      9.1003e-03
       120      1.6897e+00      9.9486e-03
       121      1.6893e+00      1.0224e-02
       122      1.6889e+00      9.8545e-03
       123      1.6880e+00      1.0623e-02
       124      1.6877e+00      8.8990e-03
       125      1.6872e+00      8.9416e-03
       126      1.6869e+00      1.0747e-02
       127      1.6867e+00      1.0221e-02
       128      1.6859e+00      1.0021e-02
       129      1.6863e+00      8.6737e-03
       130      1.6852e+00      8.6950e-03
       131      1.6848e+00      9.0797e-03
       132      1.6848e+00      7.9255e-03
       133      1.6841e+00      8.6486e-03
       134      1.6836e+00      8.9847e-03
       135      1.6837e+00      8.5682e-03
       136      1.6831e+00      8.3320e-03
       137      1.6827e+00      9.1018e-03
       138      1.6823e+00      9.3291e-03
       139      1.6820e+00      7.9053e-03
       140      1.6816e+00      8.9492e-03
       141      1.6818e+00      8.4129e-03
       142      1.6809e+00      7.9037e-03
       143      1.6810e+00      7.9045e-03
       144      1.6805e+00      7.8750e-03
       145      1.6804e+00      7.8255e-03
       146      1.6797e+00      7.6290e-03
       147      1.6796e+00      6.9120e-03
       148      1.6797e+00      8.0139e-03
       149      1.6789e+00      6.9753e-03
       150      1.6790e+00      7.6597e-03
       151      1.6786e+00      7.0708e-03
       152      1.6781e+00      7.2275e-03
       153      1.6777e+00      7.3788e-03
       154      1.6781e+00      7.5670e-03
       155      1.6774e+00      6.6833e-03
       156      1.6769e+00      6.9893e-03
       157      1.6765e+00      6.5858e-03
       158      1.6770e+00      6.7670e-03
       159      1.6769e+00      6.5557e-03
       160      1.6761e+00      6.2700e-03
       161      1.6760e+00      6.2935e-03
       162      1.6757e+00      5.8613e-03
       163      1.6758e+00      7.0793e-03
       164      1.6755e+00      6.5338e-03
       165      1.6750e+00      6.8716e-03
       166      1.6749e+00      6.3341e-03
       167      1.6743e+00      6.8586e-03
       168      1.6743e+00      7.2004e-03
       169      1.6740e+00      7.1159e-03
       170      1.6740e+00      5.8759e-03
       171      1.6741e+00      5.7293e-03
       172      1.6734e+00      5.9274e-03
       173      1.6732e+00      6.6689e-03
       174      1.6734e+00      6.7180e-03
       175      1.6727e+00      6.3247e-03
       176      1.6728e+00      5.5187e-03
       177      1.6729e+00      5.2613e-03
       178      1.6726e+00      6.5327e-03
       179      1.6722e+00      5.4373e-03
       180      1.6720e+00      6.2124e-03
       181      1.6718e+00      5.4374e-03
       182      1.6718e+00      5.3791e-03
       183      1.6716e+00      5.2479e-03
       184      1.6716e+00      5.3350e-03
       185      1.6713e+00      5.4746e-03
       186      1.6709e+00      5.2397e-03
       187      1.6708e+00      4.5987e-03
       188      1.6709e+00      5.0807e-03
       189      1.6704e+00      5.5322e-03
       190      1.6706e+00      5.7007e-03
       191      1.6706e+00      5.1251e-03
       192      1.6703e+00      5.3684e-03
       193      1.6699e+00      4.7179e-03
       194      1.6698e+00      4.8973e-03
       195      1.6695e+00      5.8636e-03
       196      1.6695e+00      5.1279e-03
       197      1.6697e+00      4.7105e-03
       198      1.6693e+00      4.7246e-03
       199      1.6693e+00      5.1260e-03
       200      1.6692e+00      4.7976e-03
       201      1.6687e+00      4.5895e-03
       202      1.6687e+00      4.7465e-03
       203      1.6684e+00      5.4455e-03
       204      1.6683e+00      5.1469e-03
       205      1.6682e+00      4.6889e-03
       206      1.6678e+00      5.6883e-03
       207      1.6680e+00      5.4173e-03
       208      1.6679e+00      4.9684e-03
       209      1.6676e+00      4.6602e-03
       210      1.6675e+00      4.3340e-03
       211      1.6673e+00      4.5492e-03
       212      1.6671e+00      4.6002e-03
       213      1.6672e+00      4.5356e-03
       214      1.6670e+00      4.3828e-03
       215      1.6670e+00      5.0228e-03
       216      1.6665e+00      4.2225e-03
       217      1.6667e+00      4.2803e-03
       218      1.6664e+00      4.6834e-03
       219      1.6662e+00      4.6282e-03
       220      1.6662e+00      4.7751e-03
       221      1.6661e+00      4.0629e-03
       222      1.6660e+00      4.7061e-03
       223      1.6661e+00      4.0607e-03
       224      1.6658e+00      4.6065e-03
       225      1.6655e+00      3.8533e-03
       226      1.6655e+00      4.3149e-03
       227      1.6655e+00      3.8923e-03
       228      1.6652e+00      4.1389e-03
       229      1.6653e+00      4.2669e-03
       230      1.6649e+00      4.0786e-03
       231      1.6651e+00      4.4492e-03
       232      1.6646e+00      4.2131e-03
       233      1.6649e+00      4.1976e-03
       234      1.6647e+00      3.4404e-03
       235      1.6647e+00      3.4839e-03
       236      1.6645e+00      3.8464e-03
       237      1.6644e+00      3.6350e-03
       238      1.6643e+00      4.0753e-03
       239      1.6644e+00      4.3820e-03
       240      1.6642e+00      3.4585e-03
       241      1.6640e+00      3.8012e-03
       242      1.6641e+00      3.4711e-03
       243      1.6636e+00      3.7405e-03
       244      1.6640e+00      3.5941e-03
       245      1.6638e+00      3.7220e-03
       246      1.6634e+00      4.1346e-03
       247      1.6634e+00      3.7057e-03
       248      1.6634e+00      3.2864e-03
       249      1.6633e+00      4.1143e-03
       250      1.6633e+00      3.7824e-03
       251      1.6631e+00      3.7184e-03
       252      1.6631e+00      4.0216e-03
       253      1.6630e+00      3.7846e-03
       254      1.6628e+00      4.1498e-03
       255      1.6628e+00      3.1504e-03
       256      1.6626e+00      3.8012e-03
       257      1.6626e+00      3.2839e-03
       258      1.6625e+00      3.4669e-03
       259      1.6622e+00      3.2072e-03
       260      1.6623e+00      4.5052e-03
       261      1.6623e+00      3.6452e-03
       262      1.6619e+00      3.0461e-03
       263      1.6622e+00      3.7319e-03
       264      1.6619e+00      3.5069e-03
       265      1.6617e+00      3.5903e-03
       266      1.6618e+00      3.2369e-03
       267      1.6618e+00      3.3290e-03
       268      1.6616e+00      3.4796e-03
       269      1.6614e+00      3.3922e-03
       270      1.6614e+00      3.6193e-03
       271      1.6616e+00      3.7766e-03
       272      1.6613e+00      3.4687e-03
       273      1.6613e+00      3.5308e-03
       274      1.6609e+00      3.1910e-03
       275      1.6612e+00      3.4763e-03
       276      1.6610e+00      3.1878e-03
       277      1.6610e+00      3.3281e-03
       278      1.6609e+00      3.5429e-03
       279      1.6607e+00      3.2173e-03
       280      1.6608e+00      3.6202e-03
       281      1.6606e+00      3.1303e-03
       282      1.6605e+00      3.3110e-03
       283      1.6605e+00      3.3271e-03
       284      1.6603e+00      3.3858e-03
       285      1.6605e+00      3.6562e-03
       286      1.6599e+00      3.4726e-03
       287      1.6603e+00      3.0906e-03
       288      1.6601e+00      3.3740e-03
       289      1.6601e+00      2.8225e-03
       290      1.6599e+00      3.3521e-03
       291      1.6600e+00      3.0473e-03
       292      1.6598e+00      2.8957e-03
       293      1.6599e+00      2.8740e-03
       294      1.6596e+00      2.9195e-03
       295      1.6597e+00      3.0229e-03
       296      1.6595e+00      3.3441e-03
       297      1.6593e+00      2.9917e-03
       298      1.6595e+00      2.9558e-03
       299      1.6595e+00      2.9845e-03
       300      1.6595e+00      3.1374e-03
       301      1.6593e+00      3.0230e-03
       302      1.6593e+00      3.5907e-03
       303      1.6592e+00      3.0797e-03
       304      1.6591e+00      3.2020e-03
       305      1.6591e+00      3.0134e-03
       306      1.6590e+00      2.6812e-03
       307      1.6589e+00      2.9929e-03
       308      1.6589e+00      2.6227e-03
       309      1.6588e+00      2.9556e-03
       310      1.6588e+00      2.6464e-03
       311      1.6588e+00      2.9835e-03
       312      1.6588e+00      3.2349e-03
       313      1.6586e+00      2.8858e-03
       314      1.6584e+00      3.2669e-03
       315      1.6584e+00      2.8445e-03
       316      1.6582e+00      2.4780e-03
       317      1.6584e+00      3.0043e-03
       318      1.6584e+00      2.8771e-03
       319      1.6583e+00      2.7423e-03
       320      1.6581e+00      3.0767e-03
       321      1.6581e+00      2.9122e-03
       322      1.6580e+00      2.8106e-03
       323      1.6580e+00      2.8492e-03
       324      1.6578e+00      3.0284e-03
       325      1.6578e+00      2.9732e-03
       326      1.6577e+00      2.8267e-03
       327      1.6577e+00      2.4623e-03
       328      1.6577e+00      3.4222e-03
       329      1.6578e+00      2.9202e-03
       330      1.6575e+00      2.7080e-03
       331      1.6575e+00      2.4941e-03
       332      1.6576e+00      3.1758e-03
       333      1.6575e+00      2.8737e-03
       334      1.6573e+00      2.9095e-03
       335      1.6574e+00      2.7183e-03
       336      1.6571e+00      2.8579e-03
       337      1.6573e+00      2.7574e-03
       338      1.6570e+00      3.2091e-03
       339      1.6570e+00      2.7146e-03
       340      1.6570e+00      2.9507e-03
       341      1.6569e+00      2.6992e-03
       342      1.6570e+00      2.8850e-03
       343      1.6569e+00      2.8373e-03
       344      1.6566e+00      2.7995e-03
       345      1.6566e+00      2.7231e-03
       346      1.6566e+00      2.9936e-03
       347      1.6566e+00      2.6825e-03
       348      1.6566e+00      2.5287e-03
       349      1.6565e+00      2.9667e-03
       350      1.6567e+00      2.4462e-03
       351      1.6565e+00      2.8588e-03
       352      1.6564e+00      2.4755e-03
       353      1.6564e+00      2.5599e-03
       354      1.6563e+00      2.6033e-03
       355      1.6562e+00      2.7458e-03
       356      1.6562e+00      2.7303e-03
       357      1.6562e+00      2.3275e-03
       358      1.6562e+00      2.7838e-03
       359      1.6560e+00      2.4514e-03
       360      1.6560e+00      2.5303e-03
       361      1.6560e+00      2.7170e-03
       362      1.6558e+00      2.4682e-03
       363      1.6560e+00      2.2953e-03
       364      1.6558e+00      2.4773e-03
       365      1.6558e+00      2.1211e-03
       366      1.6558e+00      2.7364e-03
       367      1.6557e+00      2.1990e-03
       368      1.6556e+00      2.2747e-03
       369      1.6555e+00      2.2578e-03
       370      1.6556e+00      2.2248e-03
       371      1.6556e+00      2.2759e-03
       372      1.6556e+00      2.0105e-03
       373      1.6555e+00      2.6768e-03
       374      1.6555e+00      2.3274e-03
       375      1.6555e+00      2.2039e-03
       376      1.6554e+00      2.4598e-03
       377      1.6553e+00      2.0224e-03
       378      1.6554e+00      1.9103e-03
       379      1.6554e+00      2.0638e-03
       380      1.6553e+00      1.9817e-03
       381      1.6553e+00      2.0520e-03
       382      1.6552e+00      2.3358e-03
       383      1.6552e+00      2.3099e-03
       384      1.6552e+00      2.3490e-03
       385      1.6551e+00      2.0658e-03
       386      1.6552e+00      2.1344e-03
       387      1.6551e+00      2.3514e-03
       388      1.6550e+00      2.0458e-03
       389      1.6550e+00      2.3096e-03
       390      1.6549e+00      2.0087e-03
       391      1.6550e+00      2.1447e-03
       392      1.6547e+00      2.1947e-03
       393      1.6549e+00      2.6402e-03
       394      1.6548e+00      2.1112e-03
       395      1.6548e+00      2.0668e-03
       396      1.6547e+00      1.9392e-03
       397      1.6547e+00      2.1556e-03
       398      1.6547e+00      2.1260e-03
       399      1.6547e+00      2.3344e-03
       400      1.6546e+00      1.9982e-03
       401      1.6546e+00      2.1796e-03
       402      1.6547e+00      2.3752e-03
       403      1.6545e+00      2.1545e-03
       404      1.6544e+00      2.3124e-03
       405      1.6545e+00      1.9254e-03
       406      1.6543e+00      2.0400e-03
       407      1.6543e+00      2.0058e-03
       408      1.6544e+00      2.0709e-03
       409      1.6543e+00      1.8451e-03
       410      1.6542e+00      2.0331e-03
       411      1.6542e+00      2.0433e-03
       412      1.6542e+00      2.0588e-03
       413      1.6541e+00      1.7353e-03
       414      1.6541e+00      2.1399e-03
       415      1.6540e+00      1.7101e-03
       416      1.6540e+00      1.9068e-03
       417      1.6541e+00      1.7214e-03
       418      1.6540e+00      2.1215e-03
       419      1.6541e+00      1.6544e-03
       420      1.6538e+00      1.8181e-03
       421      1.6539e+00      1.8776e-03
       422      1.6539e+00      2.0013e-03
       423      1.6538e+00      2.0285e-03
       424      1.6538e+00      1.9017e-03
       425      1.6538e+00      1.8938e-03
       426      1.6537e+00      1.8093e-03
       427      1.6536e+00      1.5644e-03
       428      1.6536e+00      1.4374e-03
       429      1.6536e+00      1.9498e-03
       430      1.6537e+00      2.1529e-03
       431      1.6535e+00      2.0285e-03
       432      1.6537e+00      1.6836e-03
       433      1.6536e+00      1.5795e-03
       434      1.6536e+00      1.6776e-03
       435      1.6535e+00      1.4290e-03
       436      1.6535e+00      1.9176e-03
       437      1.6536e+00      1.9111e-03
       438      1.6535e+00      1.6935e-03
       439      1.6534e+00      1.5401e-03
       440      1.6536e+00      1.6412e-03
       441      1.6534e+00      1.7983e-03
       442      1.6535e+00      2.0009e-03
       443      1.6534e+00      1.8970e-03
       444      1.6534e+00      1.9665e-03
       445      1.6534e+00      1.9050e-03
       446      1.6533e+00      1.7083e-03
       447      1.6533e+00      2.1123e-03
       448      1.6532e+00      1.9908e-03
       449      1.6532e+00      1.6463e-03
       450      1.6531e+00      1.7219e-03
       451      1.6531e+00      1.8863e-03
       452      1.6531e+00      1.4985e-03
       453      1.6530e+00      1.4659e-03
       454      1.6530e+00      1.6503e-03
       455      1.6531e+00      1.5328e-03
       456      1.6531e+00      1.8572e-03
       457      1.6529e+00      1.7642e-03
       458      1.6530e+00      1.5657e-03
       459      1.6529e+00      1.5883e-03
       460      1.6530e+00      1.4972e-03
       461      1.6530e+00      1.7107e-03
       462      1.6528e+00      1.5929e-03
       463      1.6529e+00      1.6051e-03
       464      1.6528e+00      1.3543e-03
       465      1.6529e+00      1.8835e-03
       466      1.6529e+00      1.5806e-03
       467      1.6529e+00      1.5683e-03
       468      1.6530e+00      1.5256e-03
       469      1.6528e+00      1.6045e-03
       470      1.6529e+00      1.5236e-03
       471      1.6528e+00      1.4359e-03
       472      1.6527e+00      1.5247e-03
       473      1.6529e+00      1.6389e-03
       474      1.6527e+00      1.6591e-03
       475      1.6527e+00      1.5778e-03
       476      1.6527e+00      1.7921e-03
       477      1.6526e+00      1.6737e-03
       478      1.6527e+00      1.5325e-03
       479      1.6525e+00      1.5032e-03
       480      1.6526e+00      1.7123e-03
       481      1.6526e+00      1.5324e-03
       482      1.6526e+00      1.5777e-03
       483      1.6525e+00      1.5412e-03
       484      1.6526e+00      1.5884e-03
       485      1.6524e+00      1.6553e-03
       486      1.6524e+00      1.5802e-03
       487      1.6524e+00      1.7659e-03
       488      1.6523e+00      1.5063e-03
       489      1.6523e+00      1.6128e-03
       490      1.6524e+00      1.3243e-03
       491      1.6524e+00      1.5535e-03
       492      1.6523e+00      1.4454e-03
       493      1.6523e+00      1.8101e-03
       494      1.6523e+00      1.4469e-03
       495      1.6522e+00      1.6010e-03
       496      1.6523e+00      1.4507e-03
       497      1.6522e+00      1.6707e-03
       498      1.6523e+00      1.2838e-03
       499      1.6522e+00      1.4835e-03
       500      1.6521e+00      1.7401e-03
...Exist dipsCoordAscnet...
  1  0.010  0.000 395  350  357  0.62  0.62 4322.45 
...dipsCoordAscent...
      iter        sum(|u|) sum(|u_{k} - u_{k-1}|)
         1      4.4038e+00      8.9570e-01
         2      4.1865e+00      5.4326e-01
         3      4.0451e+00      3.8107e-01
         4      3.9604e+00      2.6891e-01
         5      3.9101e+00      1.8743e-01
         6      3.8817e+00      1.3679e-01
         7      3.8638e+00      1.0509e-01
         8      3.8518e+00      7.8402e-02
         9      3.8459e+00      5.6425e-02
        10      3.8410e+00      4.4520e-02
        11      3.8377e+00      3.2707e-02
        12      3.8357e+00      2.5752e-02
        13      3.8345e+00      2.0057e-02
        14      3.8337e+00      1.4956e-02
        15      3.8333e+00      1.1531e-02
        16      3.8330e+00      8.1823e-03
        17      3.8328e+00      6.7972e-03
        18      3.8325e+00      4.8699e-03
        19      3.8325e+00      3.9417e-03
        20      3.8325e+00      2.8429e-03
        21      3.8324e+00      2.2450e-03
        22      3.8324e+00      1.6202e-03
        23      3.8324e+00      1.2176e-03
        24      3.8324e+00      9.4422e-04
        25      3.8324e+00      6.8661e-04
        26      3.8324e+00      5.3815e-04
        27      3.8324e+00      3.9330e-04
        28      3.8324e+00      3.1382e-04
        29      3.8324e+00      2.4798e-04
        30      3.8324e+00      2.0737e-04
        31      3.8324e+00      1.4301e-04
        32      3.8324e+00      1.6995e-04
        33      3.8324e+00      1.1095e-04
        34      3.8324e+00      9.6847e-05
        35      3.8324e+00      6.8129e-05
        36      3.8324e+00      5.1125e-05
        37      3.8324e+00      4.1892e-05
        38      3.8324e+00      2.9803e-05
        39      3.8324e+00      2.2474e-05
        40      3.8324e+00      1.8183e-05
        41      3.8324e+00      1.2966e-05
        42      3.8324e+00      1.0878e-05
        43      3.8324e+00      8.1514e-06
...Exist dipsCoordAscnet...
...dipsCoordAscent...
      iter        sum(|u|) sum(|u_{k} - u_{k-1}|)
         1      3.3078e+00      8.2074e-01
         2      3.1201e+00      4.8470e-01
         3      3.0006e+00      3.4345e-01
         4      2.9272e+00      2.3665e-01
         5      2.8821e+00      1.6803e-01
         6      2.8585e+00      1.2201e-01
         7      2.8417e+00      8.7782e-02
         8      2.8327e+00      6.4887e-02
         9      2.8272e+00      4.8950e-02
        10      2.8237e+00      3.6537e-02
        11      2.8209e+00      2.8397e-02
        12      2.8197e+00      2.1046e-02
        13      2.8186e+00      1.7131e-02
        14      2.8175e+00      1.3241e-02
        15      2.8171e+00      9.8276e-03
        16      2.8169e+00      7.0149e-03
        17      2.8166e+00      6.0616e-03
        18      2.8165e+00      4.8847e-03
        19      2.8164e+00      3.6026e-03
        20      2.8163e+00      2.6499e-03
        21      2.8163e+00      1.9312e-03
        22      2.8163e+00      1.4000e-03
        23      2.8163e+00      1.1074e-03
        24      2.8162e+00      8.4380e-04
        25      2.8162e+00      6.3512e-04
        26      2.8162e+00      4.7057e-04
        27      2.8162e+00      3.5667e-04
        28      2.8162e+00      2.7516e-04
        29      2.8162e+00      2.1815e-04
        30      2.8162e+00      1.5910e-04
        31      2.8162e+00      1.1374e-04
        32      2.8162e+00      8.3398e-05
        33      2.8162e+00      6.4959e-05
        34      2.8162e+00      5.7322e-05
        35      2.8162e+00      4.2284e-05
        36      2.8162e+00      3.3066e-05
        37      2.8162e+00      2.4570e-05
        38      2.8162e+00      1.8592e-05
        39      2.8162e+00      1.3787e-05
        40      2.8162e+00      1.0334e-05
        41      2.8162e+00      8.2767e-06
...Exist dipsCoordAscnet...
...dipsCoordAscent...
      iter        sum(|u|) sum(|u_{k} - u_{k-1}|)
         1      2.9769e+00      7.5532e-01
         2      2.7980e+00      4.6860e-01
         3      2.6794e+00      3.1333e-01
         4      2.6155e+00      2.1487e-01
         5      2.5778e+00      1.5208e-01
         6      2.5545e+00      1.0848e-01
         7      2.5403e+00      7.8929e-02
         8      2.5314e+00      6.3829e-02
         9      2.5254e+00      4.4634e-02
        10      2.5221e+00      3.3371e-02
        11      2.5202e+00      2.4112e-02
        12      2.5194e+00      1.8678e-02
        13      2.5181e+00      1.4552e-02
        14      2.5174e+00      1.1435e-02
        15      2.5170e+00      8.1767e-03
        16      2.5170e+00      6.4917e-03
        17      2.5166e+00      5.7665e-03
        18      2.5164e+00      4.2398e-03
        19      2.5163e+00      3.5853e-03
        20      2.5162e+00      2.6703e-03
        21      2.5162e+00      1.9067e-03
        22      2.5162e+00      1.5460e-03
        23      2.5161e+00      1.0809e-03
        24      2.5161e+00      8.2723e-04
        25      2.5161e+00      6.1799e-04
        26      2.5161e+00      4.9172e-04
        27      2.5161e+00      3.7755e-04
        28      2.5161e+00      3.0052e-04
        29      2.5161e+00      2.2664e-04
        30      2.5161e+00      1.8832e-04
        31      2.5161e+00      1.3487e-04
        32      2.5161e+00      1.0293e-04
        33      2.5161e+00      7.5521e-05
        34      2.5161e+00      5.9021e-05
        35      2.5161e+00      4.4056e-05
        36      2.5161e+00      3.2833e-05
        37      2.5161e+00      2.5665e-05
        38      2.5161e+00      1.8569e-05
        39      2.5161e+00      1.4005e-05
        40      2.5161e+00      1.0036e-05
        41      2.5161e+00      7.9013e-06
...Exist dipsCoordAscnet...
  1  0.010  0.050 12218  11110  10604  0.52  0.55 486.65 
>> Elapsed time is 4817.080831 seconds.
>> >> >> >> 